2024.06.01 15:52:00 INFO  Started: Metals version 1.3.1 in folders 'E:\viettel\BT\scala\chisel-lab\vending-solve\vending' for client Visual Studio Code 1.89.1.
SLF4J(W): Class path contains multiple SLF4J providers.
SLF4J(W): Found provider [scribe.slf4j.ScribeServiceProvider@777e8c7a]
SLF4J(W): Found provider [ch.qos.logback.classic.spi.LogbackServiceProvider@37271de6]
SLF4J(W): See https://www.slf4j.org/codes.html#multiple_bindings for an explanation.
SLF4J(I): Actual provider is of type [scribe.slf4j.ScribeServiceProvider@777e8c7a]
2024.06.01 15:52:00 WARN  Flyway upgrade recommended: H2 2.2.224 is newer than this version of Flyway and support has not been tested. The latest supported version of H2 is 2.2.220.
2024.06.01 15:52:07 INFO  running 'C:\Users\ADMIN\AppData\Local\Coursier\cache\arc\https\github.com\adoptium\temurin17-binaries\releases\download\jdk-17%252B35\OpenJDK17-jdk_x64_windows_hotspot_17_35.zip\jdk-17+35\bin\java.exe -Djline.terminal=jline.UnsupportedTerminal -Dsbt.log.noformat=true -Dfile.encoding=UTF-8 -jar C:\Users\ADMIN\AppData\Local\Temp\metals14952817234949742989\sbt-launch.jar -Dbloop.export-jar-classifiers=sources bloopInstall'
2024.06.01 15:52:07 ERROR [info] [launcher] getting org.scala-sbt sbt 1.9.7  (this may take some time)...
2024.06.01 15:52:13 INFO  no build target found for E:\viettel\BT\scala\chisel-lab\vending-solve\vending\src\main\scala\VendingMachine.scala. Using presentation compiler with project's scala-library version: 3.3.3
2024.06.01 15:52:13 INFO  no build target found for E:\viettel\BT\scala\chisel-lab\vending-solve\vending\src\main\scala\VendingMachine.scala. Using presentation compiler with project's scala-library version: 3.3.3
2024.06.01 15:52:15 INFO  time: code lens generation in 1.1s
2024.06.01 15:52:16 INFO  no build target found for E:\viettel\BT\scala\chisel-lab\vending-solve\vending\src\main\scala\VendingMachine.scala. Using presentation compiler with project's scala-library version: 3.3.3
2024.06.01 15:52:16 INFO  no build target found for E:\viettel\BT\scala\chisel-lab\vending-solve\vending\src\test\scala\VendingSimulation.scala. Using presentation compiler with project's scala-library version: 3.3.3
2024.06.01 15:52:17 INFO  no build target found for E:\viettel\BT\scala\chisel-lab\vending-solve\vending\src\test\scala\VendingSimulation.scala. Using presentation compiler with project's scala-library version: 3.3.3
2024.06.01 15:52:16 INFO  no build target found for E:\viettel\BT\scala\chisel-lab\vending-solve\vending\src\test\scala\VendingSimulation.scala. Using presentation compiler with project's scala-library version: 3.3.3
2024.06.01 15:52:19 INFO  no build target found for E:\viettel\BT\scala\chisel-lab\vending-solve\vending\src\test\scala\VendingSimulation.scala. Using presentation compiler with project's scala-library version: 3.3.3
2024.06.01 15:52:20 INFO  no build target found for E:\viettel\BT\scala\chisel-lab\vending-solve\vending\src\test\scala\VendingSimulation.scala. Using presentation compiler with project's scala-library version: 3.3.3
2024.06.01 15:52:20 INFO  no build target found for E:\viettel\BT\scala\chisel-lab\vending-solve\vending\src\test\scala\VendingTester.scala. Using presentation compiler with project's scala-library version: 3.3.3
2024.06.01 15:52:20 INFO  no build target found for E:\viettel\BT\scala\chisel-lab\vending-solve\vending\src\test\scala\VendingTester.scala. Using presentation compiler with project's scala-library version: 3.3.3
2024.06.01 15:52:21 INFO  no build target found for E:\viettel\BT\scala\chisel-lab\vending-solve\vending\src\test\scala\VendingTester.scala. Using presentation compiler with project's scala-library version: 3.3.3
2024.06.01 15:52:26 INFO  [info] welcome to sbt 1.9.7 (Eclipse Adoptium Java 17)
2024.06.01 15:52:27 INFO  [info] loading settings for project vending-build-build from metals.sbt ...
2024.06.01 15:52:27 INFO  no build target found for E:\viettel\BT\scala\chisel-lab\vending-solve\vending\src\test\scala\VendingTester.scala. Using presentation compiler with project's scala-library version: 3.3.3
2024.06.01 15:52:27 INFO  no build target found for E:\viettel\BT\scala\chisel-lab\vending-solve\vending\src\test\scala\VendingTester.scala. Using presentation compiler with project's scala-library version: 3.3.3
2024.06.01 15:52:28 INFO  no build target found for E:\viettel\BT\scala\chisel-lab\vending-solve\vending\src\test\scala\VendingTester.scala. Using presentation compiler with project's scala-library version: 3.3.3
2024.06.01 15:52:27 INFO  [info] loading project definition from E:\viettel\BT\scala\chisel-lab\vending-solve\vending\project\project
2024.06.01 15:52:28 INFO  no build target found for E:\viettel\BT\scala\chisel-lab\vending-solve\vending\src\test\scala\VendingTester.scala. Using presentation compiler with project's scala-library version: 3.3.3
2024.06.01 15:52:28 INFO  no build target found for E:\viettel\BT\scala\chisel-lab\vending-solve\vending\src\test\scala\VendingTester.scala. Using presentation compiler with project's scala-library version: 3.3.3
2024.06.01 15:52:28 INFO  no build target found for E:\viettel\BT\scala\chisel-lab\vending-solve\vending\src\test\scala\VendingTester.scala. Using presentation compiler with project's scala-library version: 3.3.3
2024.06.01 15:52:29 INFO  [info] loading settings for project vending-build from metals.sbt ...
2024.06.01 15:52:29 INFO  [info] loading project definition from E:\viettel\BT\scala\chisel-lab\vending-solve\vending\project
2024.06.01 15:52:31 WARN  no build target for: E:\viettel\BT\scala\chisel-lab\vending-solve\vending\src\test\scala\VendingTester.scala
2024.06.01 15:52:31 INFO  no build target found for E:\viettel\BT\scala\chisel-lab\vending-solve\vending\src\test\scala\VendingTester.scala. Using presentation compiler with project's scala-library version: 3.3.3
2024.06.01 15:52:34 INFO  no build target found for E:\viettel\BT\scala\chisel-lab\vending-solve\vending\src\test\scala\VendingTester.scala. Using presentation compiler with project's scala-library version: 3.3.3
2024.06.01 15:52:35 INFO  [success] Generated .bloop\vending-build.json
2024.06.01 15:52:35 INFO  [success] Total time: 5 s, completed Jun 1, 2024, 3:52:35 PM
2024.06.01 15:52:35 INFO  no build target found for E:\viettel\BT\scala\chisel-lab\vending-solve\vending\src\test\scala\VendingSimulation.scala. Using presentation compiler with project's scala-library version: 3.3.3
2024.06.01 15:52:35 INFO  no build target found for E:\viettel\BT\scala\chisel-lab\vending-solve\vending\src\test\scala\VendingSimulation.scala. Using presentation compiler with project's scala-library version: 3.3.3
2024.06.01 15:52:36 INFO  [info] loading settings for project vending from build.sbt ...
2024.06.01 15:52:36 INFO  [info] set current project to vending (in build file:/E:/viettel/BT/scala/chisel-lab/vending-solve/vending/)
2024.06.01 15:52:36 INFO  [warn] scala-library-2.13.8-sources.jar no longer exists at \Users\oscar\Library\Caches\Coursier\v1\https\repo1.maven.org\maven2\org\scala-lang\scala-library\2.13.8\scala-library-2.13.8-sources.jar
2024.06.01 15:52:36 INFO  [success] Generated .bloop\vending-test.json
2024.06.01 15:52:36 INFO  [success] Generated .bloop\vending.json
2024.06.01 15:52:36 INFO  [success] Total time: 1 s, completed Jun 1, 2024, 3:52:37 PM
2024.06.01 15:52:37 INFO  time: ran 'sbt bloopInstall' in 30s
2024.06.01 15:52:37 INFO  Attempting to connect to the build server...
2024.06.01 15:52:37 INFO  tracing is disabled for protocol BSP, to enable tracing of incoming and outgoing JSON messages create an empty file at E:\viettel\BT\scala\chisel-lab\vending-solve\vending\.metals\bsp.trace.json or C:\Users\ADMIN\AppData\Local\scalameta\metals\cache\bsp.trace.json
2024.06.01 15:52:37 INFO  no build target found for E:\viettel\BT\scala\chisel-lab\vending-solve\vending\src\test\scala\VendingTester.scala. Using presentation compiler with project's scala-library version: 3.3.3
2024.06.01 15:52:38 INFO  no build target found for E:\viettel\BT\scala\chisel-lab\vending-solve\vending\src\test\scala\VendingTester.scala. Using presentation compiler with project's scala-library version: 3.3.3
2024.06.01 15:52:38 INFO  Attempting to connect to the build server...
2024.06.01 15:52:38 INFO  tracing is disabled for protocol BSP, to enable tracing of incoming and outgoing JSON messages create an empty file at E:\viettel\BT\scala\chisel-lab\vending-solve\vending\project\.metals\bsp.trace.json or C:\Users\ADMIN\AppData\Local\scalameta\metals\cache\bsp.trace.json
2024.06.01 15:52:38 INFO  time: Connected to build server in 1.3s
2024.06.01 15:52:38 INFO  Connected to Build server: Bloop v1.5.17
2024.06.01 15:52:42 INFO  compiling vending (5 scala sources)
2024.06.01 15:52:43 INFO  time: compiled vending in 1.46s
2024.06.01 15:52:43 INFO  compiling vending-test (2 scala sources)
2024.06.01 15:52:45 INFO  time: compiled vending-test in 1.68s
2024.06.01 15:52:45 INFO  time: indexed workspace in 7.06s
2024.06.01 15:52:47 INFO  tracing is disabled for protocol dap-server, to enable tracing of incoming and outgoing JSON messages create an empty file at E:\viettel\BT\scala\chisel-lab\vending-solve\vending\.metals\dap-server.trace.json or C:\Users\ADMIN\AppData\Local\scalameta\metals\cache\dap-server.trace.json
2024.06.01 15:52:47 INFO  tracing is disabled for protocol dap-client, to enable tracing of incoming and outgoing JSON messages create an empty file at E:\viettel\BT\scala\chisel-lab\vending-solve\vending\.metals\dap-client.trace.json or C:\Users\ADMIN\AppData\Local\scalameta\metals\cache\dap-client.trace.json
2024.06.01 15:52:47 INFO  Starting debug proxy for [VendingTester()]
2024.06.01 15:52:47 INFO  Trying to attach to remote debuggee VM 127.0.0.1:60562 .
2024.06.01 15:52:47 INFO  Attaching to debuggee VM succeeded.
2024.06.01 15:52:50 INFO  Closing debug server tcp://0.0.0.0:60558
2024.06.01 15:52:50 INFO  Canceling debug proxy for [VendingTester()]
Jun 01, 2024 3:53:01 PM org.eclipse.lsp4j.jsonrpc.RemoteEndpoint handleCancellation
WARNING: Unmatched cancel notification for request id 166
2024.06.01 15:53:08 INFO  compiling vending-test (1 scala source)
2024.06.01 15:53:08 INFO  time: compiled vending-test in 0.81s
Jun 01, 2024 3:54:27 PM org.eclipse.lsp4j.jsonrpc.RemoteEndpoint handleCancellation
WARNING: Unmatched cancel notification for request id 265
Jun 01, 2024 4:04:32 PM org.eclipse.lsp4j.jsonrpc.RemoteEndpoint handleCancellation
WARNING: Unmatched cancel notification for request id 562
Jun 01, 2024 4:04:42 PM org.eclipse.lsp4j.jsonrpc.RemoteEndpoint handleCancellation
WARNING: Unmatched cancel notification for request id 591
Jun 01, 2024 4:04:58 PM org.eclipse.lsp4j.jsonrpc.RemoteEndpoint handleCancellation
WARNING: Unmatched cancel notification for request id 643
2024.06.01 16:05:13 WARN  Flyway upgrade recommended: H2 2.2.224 is newer than this version of Flyway and support has not been tested. The latest supported version of H2 is 2.2.220.
2024.06.01 16:05:13 INFO  no build target found for /chisel3/Aggregate.scala. Using presentation compiler with project's scala-library version: 3.3.3
Jun 01, 2024 4:05:16 PM scala.meta.internal.pc.CompilerAccess handleError
SEVERE: A severe compiler error occurred, full details of the error can be found in the error report C:\Users\ADMIN\AppData\Local\Temp\fallback-service18388349038663771738\.metals\.reports\metals-full\2024-06-01\r_compiler-error_16-05-16-117.md
2024.06.01 16:05:17 INFO  no build target found for /chisel3/Data.scala. Using presentation compiler with project's scala-library version: 3.3.3
2024.06.01 16:05:18 INFO  no build target found for /chisel3/Aggregate.scala. Using presentation compiler with project's scala-library version: 3.3.3
Jun 01, 2024 4:05:19 PM scala.meta.internal.pc.CompilerAccess handleError
SEVERE: A severe compiler error occurred, full details of the error can be found in the error report C:\Users\ADMIN\AppData\Local\Temp\fallback-service18388349038663771738\.metals\.reports\metals-full\2024-06-01\r_compiler-error_16-05-19-158.md
Jun 01, 2024 4:09:49 PM org.eclipse.lsp4j.jsonrpc.RemoteEndpoint handleCancellation
WARNING: Unmatched cancel notification for request id 975
Jun 01, 2024 4:21:10 PM org.eclipse.lsp4j.jsonrpc.RemoteEndpoint handleCancellation
WARNING: Unmatched cancel notification for request id 1025
Jun 01, 2024 4:21:13 PM org.eclipse.lsp4j.jsonrpc.RemoteEndpoint handleCancellation
WARNING: Unmatched cancel notification for request id 1037
2024.06.01 16:21:28 INFO  tracing is disabled for protocol dap-server, to enable tracing of incoming and outgoing JSON messages create an empty file at E:\viettel\BT\scala\chisel-lab\vending-solve\vending\.metals\dap-server.trace.json or C:\Users\ADMIN\AppData\Local\scalameta\metals\cache\dap-server.trace.json
2024.06.01 16:21:28 INFO  tracing is disabled for protocol dap-client, to enable tracing of incoming and outgoing JSON messages create an empty file at E:\viettel\BT\scala\chisel-lab\vending-solve\vending\.metals\dap-client.trace.json or C:\Users\ADMIN\AppData\Local\scalameta\metals\cache\dap-client.trace.json
2024.06.01 16:21:28 INFO  Starting debug proxy for [VendingTester()]
2024.06.01 16:21:28 INFO  Trying to attach to remote debuggee VM 127.0.0.1:61043 .
2024.06.01 16:21:28 INFO  Attaching to debuggee VM succeeded.
2024.06.01 16:21:31 INFO  Canceling debug proxy for [VendingTester()]
2024.06.01 16:21:31 INFO  Closing debug server tcp://0.0.0.0:61039
2024.06.01 16:21:48 INFO  compiling vending-test (1 scala source)
2024.06.01 16:21:48 INFO  time: compiled vending-test in 0.73s
2024.06.01 16:21:51 INFO  tracing is disabled for protocol dap-server, to enable tracing of incoming and outgoing JSON messages create an empty file at E:\viettel\BT\scala\chisel-lab\vending-solve\vending\.metals\dap-server.trace.json or C:\Users\ADMIN\AppData\Local\scalameta\metals\cache\dap-server.trace.json
2024.06.01 16:21:51 INFO  tracing is disabled for protocol dap-client, to enable tracing of incoming and outgoing JSON messages create an empty file at E:\viettel\BT\scala\chisel-lab\vending-solve\vending\.metals\dap-client.trace.json or C:\Users\ADMIN\AppData\Local\scalameta\metals\cache\dap-client.trace.json
2024.06.01 16:21:51 INFO  Starting debug proxy for [VendingTester()]
2024.06.01 16:21:52 INFO  Trying to attach to remote debuggee VM 127.0.0.1:61053 .
2024.06.01 16:21:52 INFO  Attaching to debuggee VM succeeded.
2024.06.01 16:21:55 INFO  Canceling debug proxy for [VendingTester()]
2024.06.01 16:21:55 INFO  Closing debug server tcp://0.0.0.0:61049
2024.06.01 16:21:59 INFO  compiling vending-test (1 scala source)
2024.06.01 16:21:59 WARN  Could not load snapshot text for E:\viettel\BT\scala\chisel-lab\vending-solve\vending\src\test\scala\VendingTester.scala
2024.06.01 16:21:59 INFO  time: compiled vending-test in 0.61s
Jun 01, 2024 4:33:00 PM org.eclipse.lsp4j.jsonrpc.RemoteEndpoint handleCancellation
WARNING: Unmatched cancel notification for request id 1290
2024.06.01 16:33:17 INFO  no build target found for /chisel3/experimental/ChiselEnum.scala. Using presentation compiler with project's scala-library version: 3.3.3
2024.06.01 16:33:19 INFO  time: code lens generation in 1.05s
2024.06.01 17:35:32 INFO  time: code lens generation in 1.85s
2024.06.01 18:03:11 INFO  Shutting down server
2024.06.01 18:03:11 INFO  shutting down Metals
2024.06.01 18:03:11 INFO  Shut down connection with build server.
2024.06.01 18:03:11 INFO  Shut down connection with build server.
2024.06.01 18:03:11 INFO  Exiting server
2024.06.01 20:54:34 INFO  Started: Metals version 1.3.1 in folders 'E:\viettel\BT\scala\chisel-lab\vending-solve\vending' for client Visual Studio Code 1.89.1.
SLF4J(W): Class path contains multiple SLF4J providers.
SLF4J(W): Found provider [scribe.slf4j.ScribeServiceProvider@5e6450b1]
SLF4J(W): Found provider [ch.qos.logback.classic.spi.LogbackServiceProvider@2960729c]
SLF4J(W): See https://www.slf4j.org/codes.html#multiple_bindings for an explanation.
SLF4J(I): Actual provider is of type [scribe.slf4j.ScribeServiceProvider@5e6450b1]
2024.06.01 20:54:35 WARN  Flyway upgrade recommended: H2 2.2.224 is newer than this version of Flyway and support has not been tested. The latest supported version of H2 is 2.2.220.
2024.06.01 20:54:37 INFO  no build target found for E:\viettel\BT\scala\chisel-lab\vending-solve\vending\src\main\scala\VendingMachine.scala. Using presentation compiler with project's scala-library version: 3.3.3
2024.06.01 20:54:37 INFO  no build target found for E:\viettel\BT\scala\chisel-lab\vending-solve\vending\src\main\scala\VendingMachine.scala. Using presentation compiler with project's scala-library version: 3.3.3
2024.06.01 20:54:38 INFO  Attempting to connect to the build server...
2024.06.01 20:54:42 INFO  no build target found for E:\viettel\BT\scala\chisel-lab\vending-solve\vending\src\test\scala\VendingSimulation.scala. Using presentation compiler with project's scala-library version: 3.3.3
2024.06.01 20:54:42 INFO  no build target found for E:\viettel\BT\scala\chisel-lab\vending-solve\vending\src\test\scala\VendingSimulation.scala. Using presentation compiler with project's scala-library version: 3.3.3
Jun 01, 2024 8:54:42 PM org.eclipse.lsp4j.jsonrpc.RemoteEndpoint handleCancellation
WARNING: Unmatched cancel notification for request id 21
2024.06.01 20:54:45 INFO  no build target found for E:\viettel\BT\scala\chisel-lab\vending-solve\vending\src\test\scala\VendingTester.scala. Using presentation compiler with project's scala-library version: 3.3.3
2024.06.01 20:54:49 INFO  no build target found for E:\viettel\BT\scala\chisel-lab\vending-solve\vending\src\test\scala\VendingSimulation.scala. Using presentation compiler with project's scala-library version: 3.3.3
Jun 01, 2024 8:54:50 PM org.eclipse.lsp4j.jsonrpc.RemoteEndpoint fallbackResponseError
SEVERE: Internal error: scala.meta.internal.metals.debug.BuildTargetNotFoundForPathException: No build target could be found for the path: E:\viettel\BT\scala\chisel-lab\vending-solve\vending\src\test\scala\VendingSimulation.scala
java.util.concurrent.CompletionException: scala.meta.internal.metals.debug.BuildTargetNotFoundForPathException: No build target could be found for the path: E:\viettel\BT\scala\chisel-lab\vending-solve\vending\src\test\scala\VendingSimulation.scala
	at java.base/java.util.concurrent.CompletableFuture.encodeThrowable(CompletableFuture.java:332)
	at java.base/java.util.concurrent.CompletableFuture.uniAcceptNow(CompletableFuture.java:747)
	at java.base/java.util.concurrent.CompletableFuture.uniAcceptStage(CompletableFuture.java:735)
	at java.base/java.util.concurrent.CompletableFuture.thenAcceptAsync(CompletableFuture.java:2186)
	at scala.concurrent.java8.FuturesConvertersImpl$CF.thenAccept(FutureConvertersImpl.scala:37)
	at org.eclipse.lsp4j.jsonrpc.RemoteEndpoint.handleRequest(RemoteEndpoint.java:279)
	at org.eclipse.lsp4j.jsonrpc.RemoteEndpoint.consume(RemoteEndpoint.java:190)
	at org.eclipse.lsp4j.jsonrpc.json.StreamMessageProducer.handleMessage(StreamMessageProducer.java:194)
	at org.eclipse.lsp4j.jsonrpc.json.StreamMessageProducer.listen(StreamMessageProducer.java:94)
	at org.eclipse.lsp4j.jsonrpc.json.ConcurrentMessageProcessor.run(ConcurrentMessageProcessor.java:113)
	at java.base/java.util.concurrent.Executors$RunnableAdapter.call(Executors.java:539)
	at java.base/java.util.concurrent.FutureTask.run(FutureTask.java:264)
	at java.base/java.util.concurrent.ThreadPoolExecutor.runWorker(ThreadPoolExecutor.java:1136)
	at java.base/java.util.concurrent.ThreadPoolExecutor$Worker.run(ThreadPoolExecutor.java:635)
	at java.base/java.lang.Thread.run(Thread.java:833)
Caused by: scala.meta.internal.metals.debug.BuildTargetNotFoundForPathException: No build target could be found for the path: E:\viettel\BT\scala\chisel-lab\vending-solve\vending\src\test\scala\VendingSimulation.scala
	at scala.meta.internal.metals.debug.DebugProvider.debugDiscovery(DebugProvider.scala:586)
	at scala.meta.internal.metals.debug.DebugProvider.runCommandDiscovery(DebugProvider.scala:520)
	at scala.meta.internal.metals.MetalsLspService.discoverMainClasses(MetalsLspService.scala:1835)
	at scala.meta.internal.metals.WorkspaceLspService.executeCommand(WorkspaceLspService.scala:765)
	at scala.meta.metals.lsp.DelegatingScalaService.executeCommand(DelegatingScalaService.scala:169)
	at java.base/jdk.internal.reflect.NativeMethodAccessorImpl.invoke0(Native Method)
	at java.base/jdk.internal.reflect.NativeMethodAccessorImpl.invoke(NativeMethodAccessorImpl.java:77)
	at java.base/jdk.internal.reflect.DelegatingMethodAccessorImpl.invoke(DelegatingMethodAccessorImpl.java:43)
	at java.base/java.lang.reflect.Method.invoke(Method.java:568)
	at org.eclipse.lsp4j.jsonrpc.services.GenericEndpoint.lambda$null$0(GenericEndpoint.java:65)
	at org.eclipse.lsp4j.jsonrpc.services.GenericEndpoint.request(GenericEndpoint.java:120)
	at org.eclipse.lsp4j.jsonrpc.RemoteEndpoint.handleRequest(RemoteEndpoint.java:261)
	... 9 more

2024.06.01 20:54:54 INFO  tracing is disabled for protocol BSP, to enable tracing of incoming and outgoing JSON messages create an empty file at E:\viettel\BT\scala\chisel-lab\vending-solve\vending\.metals\bsp.trace.json or C:\Users\ADMIN\AppData\Local\scalameta\metals\cache\bsp.trace.json
2024.06.01 20:54:54 INFO  Attempting to connect to the build server...
2024.06.01 20:54:54 INFO  tracing is disabled for protocol BSP, to enable tracing of incoming and outgoing JSON messages create an empty file at E:\viettel\BT\scala\chisel-lab\vending-solve\vending\project\.metals\bsp.trace.json or C:\Users\ADMIN\AppData\Local\scalameta\metals\cache\bsp.trace.json
2024.06.01 20:54:54 INFO  time: Connected to build server in 16s
2024.06.01 20:54:54 INFO  Connected to Build server: Bloop v1.5.17
2024.06.01 20:54:55 INFO  time: Imported build in 0.19s
Jun 01, 2024 8:55:15 PM org.eclipse.lsp4j.jsonrpc.RemoteEndpoint fallbackResponseError
SEVERE: Internal error: scala.meta.internal.metals.debug.DebugProvider$SemanticDbNotFoundException$: Build misconfiguration. No semanticdb can be found for you file, please check the doctor.
java.util.concurrent.CompletionException: scala.meta.internal.metals.debug.DebugProvider$SemanticDbNotFoundException$: Build misconfiguration. No semanticdb can be found for you file, please check the doctor.
	at java.base/java.util.concurrent.CompletableFuture.encodeThrowable(CompletableFuture.java:332)
	at java.base/java.util.concurrent.CompletableFuture.uniAcceptNow(CompletableFuture.java:747)
	at java.base/java.util.concurrent.CompletableFuture.uniAcceptStage(CompletableFuture.java:735)
	at java.base/java.util.concurrent.CompletableFuture.thenAcceptAsync(CompletableFuture.java:2186)
	at scala.concurrent.java8.FuturesConvertersImpl$CF.thenAccept(FutureConvertersImpl.scala:37)
	at org.eclipse.lsp4j.jsonrpc.RemoteEndpoint.handleRequest(RemoteEndpoint.java:279)
	at org.eclipse.lsp4j.jsonrpc.RemoteEndpoint.consume(RemoteEndpoint.java:190)
	at org.eclipse.lsp4j.jsonrpc.json.StreamMessageProducer.handleMessage(StreamMessageProducer.java:194)
	at org.eclipse.lsp4j.jsonrpc.json.StreamMessageProducer.listen(StreamMessageProducer.java:94)
	at org.eclipse.lsp4j.jsonrpc.json.ConcurrentMessageProcessor.run(ConcurrentMessageProcessor.java:113)
	at java.base/java.util.concurrent.Executors$RunnableAdapter.call(Executors.java:539)
	at java.base/java.util.concurrent.FutureTask.run(FutureTask.java:264)
	at java.base/java.util.concurrent.ThreadPoolExecutor.runWorker(ThreadPoolExecutor.java:1136)
	at java.base/java.util.concurrent.ThreadPoolExecutor$Worker.run(ThreadPoolExecutor.java:635)
	at java.base/java.lang.Thread.run(Thread.java:833)
Caused by: scala.meta.internal.metals.debug.DebugProvider$SemanticDbNotFoundException$: Build misconfiguration. No semanticdb can be found for you file, please check the doctor.
	at scala.meta.internal.metals.debug.DebugProvider$SemanticDbNotFoundException$.<clinit>(DebugProvider.scala:1030)
	at scala.meta.internal.metals.debug.DebugProvider$$anonfun$1.applyOrElse(DebugProvider.scala:801)
	at scala.meta.internal.metals.debug.DebugProvider$$anonfun$1.applyOrElse(DebugProvider.scala:796)
	at scala.runtime.AbstractPartialFunction.apply(AbstractPartialFunction.scala:35)
	at scala.util.Success.foreach(Try.scala:268)
	at scala.concurrent.impl.Promise$Transformation.run(Promise.scala:481)
	... 3 more

2024.06.01 20:55:21 INFO  time: indexed workspace in 26s
2024.06.01 20:56:34 INFO  tracing is disabled for protocol dap-server, to enable tracing of incoming and outgoing JSON messages create an empty file at E:\viettel\BT\scala\chisel-lab\vending-solve\vending\.metals\dap-server.trace.json or C:\Users\ADMIN\AppData\Local\scalameta\metals\cache\dap-server.trace.json
2024.06.01 20:56:34 INFO  tracing is disabled for protocol dap-client, to enable tracing of incoming and outgoing JSON messages create an empty file at E:\viettel\BT\scala\chisel-lab\vending-solve\vending\.metals\dap-client.trace.json or C:\Users\ADMIN\AppData\Local\scalameta\metals\cache\dap-client.trace.json
2024.06.01 20:56:34 INFO  Starting debug proxy for [VendingTester()]
2024.06.01 20:56:35 INFO  Trying to attach to remote debuggee VM 127.0.0.1:63589 .
2024.06.01 20:56:35 INFO  Attaching to debuggee VM succeeded.
2024.06.01 20:56:40 INFO  Canceling debug proxy for [VendingTester()]
2024.06.01 20:56:40 INFO  Closing debug server tcp://0.0.0.0:63585
Jun 01, 2024 9:10:58 PM org.eclipse.lsp4j.jsonrpc.RemoteEndpoint handleCancellation
WARNING: Unmatched cancel notification for request id 173
2024.06.01 21:22:49 INFO  Shutting down server
2024.06.01 21:22:49 INFO  shutting down Metals
2024.06.01 21:22:49 INFO  Shut down connection with build server.
2024.06.01 21:22:49 INFO  Shut down connection with build server.
2024.06.01 21:22:49 INFO  Exiting server
2024.06.01 21:35:29 INFO  Started: Metals version 1.3.1 in folders 'E:\viettel\BT\scala\chisel-lab\vending-solve\vending' for client Visual Studio Code 1.89.1.
SLF4J(W): Class path contains multiple SLF4J providers.
SLF4J(W): Found provider [scribe.slf4j.ScribeServiceProvider@4332bbc1]
SLF4J(W): Found provider [ch.qos.logback.classic.spi.LogbackServiceProvider@462eacab]
SLF4J(W): See https://www.slf4j.org/codes.html#multiple_bindings for an explanation.
SLF4J(I): Actual provider is of type [scribe.slf4j.ScribeServiceProvider@4332bbc1]
2024.06.01 21:35:29 WARN  Flyway upgrade recommended: H2 2.2.224 is newer than this version of Flyway and support has not been tested. The latest supported version of H2 is 2.2.220.
2024.06.01 21:35:31 INFO  no build target found for E:\viettel\BT\scala\chisel-lab\vending-solve\vending\src\main\scala\VendingMachine.scala. Using presentation compiler with project's scala-library version: 3.3.3
2024.06.01 21:35:31 INFO  Attempting to connect to the build server...
2024.06.01 21:35:31 INFO  tracing is disabled for protocol BSP, to enable tracing of incoming and outgoing JSON messages create an empty file at E:\viettel\BT\scala\chisel-lab\vending-solve\vending\.metals\bsp.trace.json or C:\Users\ADMIN\AppData\Local\scalameta\metals\cache\bsp.trace.json
2024.06.01 21:35:31 INFO  Attempting to connect to the build server...
2024.06.01 21:35:31 INFO  tracing is disabled for protocol BSP, to enable tracing of incoming and outgoing JSON messages create an empty file at E:\viettel\BT\scala\chisel-lab\vending-solve\vending\project\.metals\bsp.trace.json or C:\Users\ADMIN\AppData\Local\scalameta\metals\cache\bsp.trace.json
2024.06.01 21:35:31 INFO  time: Connected to build server in 0.81s
2024.06.01 21:35:31 INFO  Connected to Build server: Bloop v1.5.17
2024.06.01 21:35:32 INFO  time: Imported build in 0.14s
2024.06.01 21:36:13 INFO  time: indexed workspace in 40s
Jun 01, 2024 9:36:19 PM org.eclipse.lsp4j.jsonrpc.RemoteEndpoint handleCancellation
WARNING: Unmatched cancel notification for request id 29
Jun 01, 2024 9:37:49 PM org.eclipse.lsp4j.jsonrpc.RemoteEndpoint handleCancellation
WARNING: Unmatched cancel notification for request id 108
Jun 01, 2024 9:48:29 PM org.eclipse.lsp4j.jsonrpc.RemoteEndpoint handleCancellation
WARNING: Unmatched cancel notification for request id 414
